Build started 06-Sep-17 2:33:06 PM.
     1>Project "C:\Users\croft\Desktop\ASD\Skyrim_SKSE_modding\plugin_example\plugin_example\plugin_example.vcxproj" on node 2 (Build target(s)).
     1>C:\Program Files (x86)\MSBuild\Microsoft.Cpp\v4.0\V140\Microsoft.CppBuild.targets(392,5): warning MSB8028: The intermediate directory (Debug\) contains files shared from another project (plugin_example.vcxproj).  This can lead to incorrect clean and rebuild behavior.
     1>InitializeBuildStatus:
         Creating "Debug\IH_SKSEScript.tlog\unsuccessfulbuild" because "AlwaysCreate" was specified.
       ClCompile:
         C:\Program Files (x86)\Microsoft Visual Studio 14.0\VC\bin\CL.exe /c /IC:\Users\croft\Desktop\ASD\Skyrim_SKSE_modding\plugin_example\\..\common /IC:\Users\croft\Desktop\ASD\Skyrim_SKSE_modding\plugin_example\ /IC:\Users\croft\Desktop\ASD\Skyrim_SKSE_modding\plugin_example\\.. /ZI /nologo /W3 /WX- /Od /Oy- /D WIN32 /D _DEBUG /D _WINDOWS /D _USRDLL /D PLUGIN_EXAMPLE_EXPORTS /D _WINDLL /D _MBCS /Gm /EHsc /RTC1 /MTd /GS /fp:precise /Zc:wchar_t /Zc:forScope /Zc:inline /Fo"Debug\\" /Fd"Debug\vc140.pdb" /Gd /TP /FIcommon/IPrefix.h /analyze- /errorReport:prompt MyPlugin.cpp main.cpp
         MyPlugin.cpp
         Generating Code...
         Skipping... (no relevant changes detected)
         main.cpp
     1>Project "C:\Users\croft\Desktop\ASD\Skyrim_SKSE_modding\plugin_example\plugin_example\plugin_example.vcxproj" (1) is building "C:\Users\croft\Desktop\ASD\Skyrim_SKSE_modding\plugin_example\skse\skse.vcxproj" (3:3) on node 1 (GetResolvedLinkLibs target(s)).
     3>C:\Program Files (x86)\MSBuild\14.0\bin\Microsoft.Common.CurrentVersion.targets(1610,5): warning : The referenced project '..\..\common\common_vc9.vcxproj' does not exist.
     3>Done Building Project "C:\Users\croft\Desktop\ASD\Skyrim_SKSE_modding\plugin_example\skse\skse.vcxproj" (GetResolvedLinkLibs target(s)).
     1>Link:
         C:\Program Files (x86)\Microsoft Visual Studio 14.0\VC\bin\link.exe /ERRORREPORT:PROMPT /OUT:"C:\Users\croft\Desktop\ASD\Skyrim_SKSE_modding\plugin_example\Debug\IH_SKSEScript.dll" /INCREMENTAL /NOLOGO kernel32.lib user32.lib gdi32.lib winspool.lib comdlg32.lib advapi32.lib shell32.lib ole32.lib oleaut32.lib uuid.lib odbc32.lib odbccp32.lib /DEF:"exports.def" /MANIFEST /MANIFESTUAC:"level='asInvoker' uiAccess='false'" /manifest:embed /Debug /PDB:"C:\Users\croft\Desktop\ASD\Skyrim_SKSE_modding\plugin_example\Debug\IH_SKSEScript.pdb" /SUBSYSTEM:WINDOWS /TLBID:1 /DYNAMICBASE /NXCOMPAT /IMPLIB:"C:\Users\croft\Desktop\ASD\Skyrim_SKSE_modding\plugin_example\Debug\IH_SKSEScript.lib" /MACHINE:X86 /SAFESEH /DLL Debug\main.obj
         Debug\MyPlugin.obj
         C:\Users\croft\Desktop\ASD\Skyrim_SKSE_modding\plugin_example\Debug\common.lib
         C:\Users\croft\Desktop\ASD\Skyrim_SKSE_modding\plugin_example\Debug\skse.lib
         plugin_example.vcxproj -> C:\Users\croft\Desktop\ASD\Skyrim_SKSE_modding\plugin_example\Debug\IH_SKSEScript.dll
       FinalizeBuildStatus:
         Deleting file "Debug\IH_SKSEScript.tlog\unsuccessfulbuild".
         Touching "Debug\IH_SKSEScript.tlog\IH_SKSEScript.lastbuildstate".
     1>Done Building Project "C:\Users\croft\Desktop\ASD\Skyrim_SKSE_modding\plugin_example\plugin_example\plugin_example.vcxproj" (Build target(s)).

Build succeeded.

Time Elapsed 00:00:01.35
