Build started 05-Sep-17 12:44:00 PM.
     1>Project "C:\Users\croft\Desktop\ASD\Skyrim_SKSE_modding\plugin_example\common\common.vcxproj" on node 2 (Build target(s)).
     1>PrepareForBuild:
         Creating directory "C:\Users\croft\Desktop\ASD\Skyrim_SKSE_modding\plugin_example\Debug\".
         Creating directory "Debug\common.tlog\".
       InitializeBuildStatus:
         Creating "Debug\common.tlog\unsuccessfulbuild" because "AlwaysCreate" was specified.
       ClCompile:
         C:\Program Files (x86)\Microsoft Visual Studio 14.0\VC\bin\CL.exe /c /IC:\Users\croft\Desktop\ASD\Skyrim_SKSE_modding\plugin_example\ /IC:\Users\croft\Desktop\ASD\Skyrim_SKSE_modding\plugin_example\\.. /ZI /nologo /W3 /WX- /Od /Oy- /D WIN32 /D _DEBUG /D _WINDOWS /D _VC80_UPGRADE=0x0710 /D _MBCS /Gm /EHsc /RTC1 /MTd /GS /fp:precise /Zc:wchar_t /Zc:forScope /Zc:inline /GR /Fo"Debug\\" /Fd"Debug\common.pdb" /Gd /TP /FIcommon/IPrefix.h /analyze- /errorReport:prompt IBufferStream.cpp IDataStream.cpp IFileStream.cpp ISegmentStream.cpp IDebugLog.cpp IErrors.cpp IEvent.cpp IInterlockedLong.cpp IMutex.cpp IReadWriteLock.cpp IThread.cpp IArchive.cpp IDatabase.cpp IFIFO.cpp IRangeMap.cpp ITextParser.cpp ITypes.cpp IConsole.cpp IDynamicCreate.cpp ITimer.cpp IMemPool.cpp IPipeClient.cpp IPipeServer.cpp IDirectoryIterator.cpp IPrefix.cpp
         IPrefix.cpp
         IDirectoryIterator.cpp
         IPipeServer.cpp
         IPipeClient.cpp
         IMemPool.cpp
         ITimer.cpp
         IDynamicCreate.cpp
         IConsole.cpp
         ITypes.cpp
         ITextParser.cpp
         IRangeMap.cpp
         IFIFO.cpp
         IDatabase.cpp
         IArchive.cpp
         IThread.cpp
         IReadWriteLock.cpp
         IMutex.cpp
         IInterlockedLong.cpp
         IEvent.cpp
         IErrors.cpp
         Generating Code...
         Compiling...
         IDebugLog.cpp
         ISegmentStream.cpp
         IFileStream.cpp
         IDataStream.cpp
         IBufferStream.cpp
         Generating Code...
       Lib:
         C:\Program Files (x86)\Microsoft Visual Studio 14.0\VC\bin\Lib.exe /OUT:"C:\Users\croft\Desktop\ASD\Skyrim_SKSE_modding\plugin_example\Debug\common.lib" /NOLOGO Debug\IBufferStream.obj
         Debug\IDataStream.obj
         Debug\IFileStream.obj
         Debug\ISegmentStream.obj
         Debug\IDebugLog.obj
         Debug\IErrors.obj
         Debug\IEvent.obj
         Debug\IInterlockedLong.obj
         Debug\IMutex.obj
         Debug\IReadWriteLock.obj
         Debug\IThread.obj
         Debug\IArchive.obj
         Debug\IDatabase.obj
         Debug\IFIFO.obj
         Debug\IRangeMap.obj
         Debug\ITextParser.obj
         Debug\ITypes.obj
         Debug\IConsole.obj
         Debug\IDynamicCreate.obj
         Debug\ITimer.obj
         Debug\IMemPool.obj
         Debug\IPipeClient.obj
         Debug\IPipeServer.obj
         Debug\IDirectoryIterator.obj
         Debug\IPrefix.obj
         common.vcxproj -> C:\Users\croft\Desktop\ASD\Skyrim_SKSE_modding\plugin_example\Debug\common.lib
       CopyFilesToOutputDirectory:
         Copying file from "Debug\common.pdb" to "C:\Users\croft\Desktop\ASD\Skyrim_SKSE_modding\plugin_example\Debug\common.pdb".
       FinalizeBuildStatus:
         Deleting file "Debug\common.tlog\unsuccessfulbuild".
         Touching "Debug\common.tlog\common.lastbuildstate".
     1>Done Building Project "C:\Users\croft\Desktop\ASD\Skyrim_SKSE_modding\plugin_example\common\common.vcxproj" (Build target(s)).

Build succeeded.

Time Elapsed 00:00:19.29
