c:\users\croft\desktop\asd\skyrim_skse_modding\plugin_example\common\release\common.pdb
c:\users\croft\desktop\asd\skyrim_skse_modding\plugin_example\common\release\idynamiccreate.obj
c:\users\croft\desktop\asd\skyrim_skse_modding\plugin_example\common\release\iconsole.obj
c:\users\croft\desktop\asd\skyrim_skse_modding\plugin_example\common\release\itypes.obj
c:\users\croft\desktop\asd\skyrim_skse_modding\plugin_example\common\release\itextparser.obj
c:\users\croft\desktop\asd\skyrim_skse_modding\plugin_example\common\release\isingleton.obj
c:\users\croft\desktop\asd\skyrim_skse_modding\plugin_example\common\release\irangemap.obj
c:\users\croft\desktop\asd\skyrim_skse_modding\plugin_example\common\release\ififo.obj
c:\users\croft\desktop\asd\skyrim_skse_modding\plugin_example\common\release\idatabase.obj
c:\users\croft\desktop\asd\skyrim_skse_modding\plugin_example\common\release\iarchive.obj
c:\users\croft\desktop\asd\skyrim_skse_modding\plugin_example\common\release\ithread.obj
c:\users\croft\desktop\asd\skyrim_skse_modding\plugin_example\common\release\ireadwritelock.obj
c:\users\croft\desktop\asd\skyrim_skse_modding\plugin_example\common\release\imutex.obj
c:\users\croft\desktop\asd\skyrim_skse_modding\plugin_example\common\release\iinterlockedlong.obj
c:\users\croft\desktop\asd\skyrim_skse_modding\plugin_example\common\release\ievent.obj
c:\users\croft\desktop\asd\skyrim_skse_modding\plugin_example\common\release\ierrors.obj
c:\users\croft\desktop\asd\skyrim_skse_modding\plugin_example\common\release\idebuglog.obj
c:\users\croft\desktop\asd\skyrim_skse_modding\plugin_example\common\release\isegmentstream.obj
c:\users\croft\desktop\asd\skyrim_skse_modding\plugin_example\common\release\ifilestream.obj
c:\users\croft\desktop\asd\skyrim_skse_modding\plugin_example\common\release\idatastream.obj
c:\users\croft\desktop\asd\skyrim_skse_modding\plugin_example\common\release\ibufferstream.obj
c:\users\croft\desktop\asd\skyrim_skse_modding\plugin_example\common\release\iprefix.obj
c:\users\croft\desktop\asd\skyrim_skse_modding\plugin_example\common\release\idirectoryiterator.obj
c:\users\croft\desktop\asd\skyrim_skse_modding\plugin_example\common\release\ipipeserver.obj
c:\users\croft\desktop\asd\skyrim_skse_modding\plugin_example\common\release\ipipeclient.obj
c:\users\croft\desktop\asd\skyrim_skse_modding\plugin_example\common\release\imempool.obj
c:\users\croft\desktop\asd\skyrim_skse_modding\plugin_example\common\release\itimer.obj
c:\users\croft\desktop\asd\skyrim_skse_modding\plugin_example\release\common.lib
c:\users\croft\desktop\asd\skyrim_skse_modding\plugin_example\common\release\common.tlog\cl.command.1.tlog
c:\users\croft\desktop\asd\skyrim_skse_modding\plugin_example\common\release\common.tlog\cl.read.1.tlog
c:\users\croft\desktop\asd\skyrim_skse_modding\plugin_example\common\release\common.tlog\cl.write.1.tlog
c:\users\croft\desktop\asd\skyrim_skse_modding\plugin_example\common\release\common.tlog\lib-link.read.1.tlog
c:\users\croft\desktop\asd\skyrim_skse_modding\plugin_example\common\release\common.tlog\lib-link.write.1.tlog
c:\users\croft\desktop\asd\skyrim_skse_modding\plugin_example\common\release\common.tlog\lib.command.1.tlog
