c:\users\croft\desktop\asd\skyrim_skse_modding\plugin_example\skse\release\skse.pdb
c:\users\croft\desktop\asd\skyrim_skse_modding\plugin_example\skse\release\papyrusflora.obj
c:\users\croft\desktop\asd\skyrim_skse_modding\plugin_example\skse\release\papyrusequipslot.obj
c:\users\croft\desktop\asd\skyrim_skse_modding\plugin_example\skse\release\papyrusenchantment.obj
c:\users\croft\desktop\asd\skyrim_skse_modding\plugin_example\skse\release\papyrusdefaultobjectmanager.obj
c:\users\croft\desktop\asd\skyrim_skse_modding\plugin_example\skse\release\papyrusconstructibleobject.obj
c:\users\croft\desktop\asd\skyrim_skse_modding\plugin_example\skse\release\papyruscombatstyle.obj
c:\users\croft\desktop\asd\skyrim_skse_modding\plugin_example\skse\release\papyruscolorform.obj
c:\users\croft\desktop\asd\skyrim_skse_modding\plugin_example\skse\release\papyruscell.obj
c:\users\croft\desktop\asd\skyrim_skse_modding\plugin_example\skse\release\papyrusbook.obj
c:\users\croft\desktop\asd\skyrim_skse_modding\plugin_example\skse\release\papyrusart.obj
c:\users\croft\desktop\asd\skyrim_skse_modding\plugin_example\skse\release\papyrusarmoraddon.obj
c:\users\croft\desktop\asd\skyrim_skse_modding\plugin_example\skse\release\papyrusarmor.obj
c:\users\croft\desktop\asd\skyrim_skse_modding\plugin_example\skse\release\papyrusammo.obj
c:\users\croft\desktop\asd\skyrim_skse_modding\plugin_example\skse\release\papyrusalias.obj
c:\users\croft\desktop\asd\skyrim_skse_modding\plugin_example\skse\release\papyrusactorvalueinfo.obj
c:\users\croft\desktop\asd\skyrim_skse_modding\plugin_example\skse\release\papyrusactorbase.obj
c:\users\croft\desktop\asd\skyrim_skse_modding\plugin_example\skse\release\papyrusactor.obj
c:\users\croft\desktop\asd\skyrim_skse_modding\plugin_example\skse\release\papyrusactivemagiceffect.obj
c:\users\croft\desktop\asd\skyrim_skse_modding\plugin_example\skse\release\gametypes.obj
c:\users\croft\desktop\asd\skyrim_skse_modding\plugin_example\skse\release\commandtable.obj
c:\users\croft\desktop\asd\skyrim_skse_modding\plugin_example\skse\release\papyrusscroll.obj
c:\users\croft\desktop\asd\skyrim_skse_modding\plugin_example\skse\release\papyrusrace.obj
c:\users\croft\desktop\asd\skyrim_skse_modding\plugin_example\skse\release\papyrusquest.obj
c:\users\croft\desktop\asd\skyrim_skse_modding\plugin_example\skse\release\papyruspotion.obj
c:\users\croft\desktop\asd\skyrim_skse_modding\plugin_example\skse\release\papyrusperk.obj
c:\users\croft\desktop\asd\skyrim_skse_modding\plugin_example\skse\release\papyrusobjectreference.obj
c:\users\croft\desktop\asd\skyrim_skse_modding\plugin_example\skse\release\papyrusnetimmerse.obj
c:\users\croft\desktop\asd\skyrim_skse_modding\plugin_example\skse\release\papyrusmodevent.obj
c:\users\croft\desktop\asd\skyrim_skse_modding\plugin_example\skse\release\papyrusmisc.obj
c:\users\croft\desktop\asd\skyrim_skse_modding\plugin_example\skse\release\papyrusmath.obj
c:\users\croft\desktop\asd\skyrim_skse_modding\plugin_example\skse\release\papyrusmagiceffect.obj
c:\users\croft\desktop\asd\skyrim_skse_modding\plugin_example\skse\release\papyrusleveledspell.obj
c:\users\croft\desktop\asd\skyrim_skse_modding\plugin_example\skse\release\papyrusleveleditem.obj
c:\users\croft\desktop\asd\skyrim_skse_modding\plugin_example\skse\release\papyrusleveledactor.obj
c:\users\croft\desktop\asd\skyrim_skse_modding\plugin_example\skse\release\papyruskeyword.obj
c:\users\croft\desktop\asd\skyrim_skse_modding\plugin_example\skse\release\papyrusinput.obj
c:\users\croft\desktop\asd\skyrim_skse_modding\plugin_example\skse\release\papyrusingredient.obj
c:\users\croft\desktop\asd\skyrim_skse_modding\plugin_example\skse\release\papyrusheadpart.obj
c:\users\croft\desktop\asd\skyrim_skse_modding\plugin_example\skse\release\papyrusgame.obj
c:\users\croft\desktop\asd\skyrim_skse_modding\plugin_example\skse\release\papyrusform.obj
c:\users\croft\desktop\asd\skyrim_skse_modding\plugin_example\skse\release\papyrusobjects.obj
c:\users\croft\desktop\asd\skyrim_skse_modding\plugin_example\skse\release\papyrusevents.obj
c:\users\croft\desktop\asd\skyrim_skse_modding\plugin_example\skse\release\papyrusvm.obj
c:\users\croft\desktop\asd\skyrim_skse_modding\plugin_example\skse\release\papyrusnativefunctions.obj
c:\users\croft\desktop\asd\skyrim_skse_modding\plugin_example\skse\release\papyrusclass.obj
c:\users\croft\desktop\asd\skyrim_skse_modding\plugin_example\skse\release\papyrusargs.obj
c:\users\croft\desktop\asd\skyrim_skse_modding\plugin_example\skse\release\papyruswornobject.obj
c:\users\croft\desktop\asd\skyrim_skse_modding\plugin_example\skse\release\papyrusweather.obj
c:\users\croft\desktop\asd\skyrim_skse_modding\plugin_example\skse\release\papyrusweapon.obj
c:\users\croft\desktop\asd\skyrim_skse_modding\plugin_example\skse\release\papyrusutility.obj
c:\users\croft\desktop\asd\skyrim_skse_modding\plugin_example\skse\release\papyrusuicallback.obj
c:\users\croft\desktop\asd\skyrim_skse_modding\plugin_example\skse\release\papyrusui.obj
c:\users\croft\desktop\asd\skyrim_skse_modding\plugin_example\skse\release\papyrustree.obj
c:\users\croft\desktop\asd\skyrim_skse_modding\plugin_example\skse\release\papyrustextureset.obj
c:\users\croft\desktop\asd\skyrim_skse_modding\plugin_example\skse\release\papyrusstringutil.obj
c:\users\croft\desktop\asd\skyrim_skse_modding\plugin_example\skse\release\papyrusspell.obj
c:\users\croft\desktop\asd\skyrim_skse_modding\plugin_example\skse\release\papyrussounddescriptor.obj
c:\users\croft\desktop\asd\skyrim_skse_modding\plugin_example\skse\release\papyrussound.obj
c:\users\croft\desktop\asd\skyrim_skse_modding\plugin_example\skse\release\papyrusskse.obj
c:\users\croft\desktop\asd\skyrim_skse_modding\plugin_example\skse\release\papyrusshout.obj
c:\users\croft\desktop\asd\skyrim_skse_modding\plugin_example\skse\release\scaleformextendeddata.obj
c:\users\croft\desktop\asd\skyrim_skse_modding\plugin_example\skse\release\scaleformcallbacks.obj
c:\users\croft\desktop\asd\skyrim_skse_modding\plugin_example\skse\release\scaleformapi.obj
c:\users\croft\desktop\asd\skyrim_skse_modding\plugin_example\skse\release\gamethreads.obj
c:\users\croft\desktop\asd\skyrim_skse_modding\plugin_example\skse\release\gamestreams.obj
c:\users\croft\desktop\asd\skyrim_skse_modding\plugin_example\skse\release\gamesettings.obj
c:\users\croft\desktop\asd\skyrim_skse_modding\plugin_example\skse\release\gamertti.obj
c:\users\croft\desktop\asd\skyrim_skse_modding\plugin_example\skse\release\gameresources.obj
c:\users\croft\desktop\asd\skyrim_skse_modding\plugin_example\skse\release\gamepathing.obj
c:\users\croft\desktop\asd\skyrim_skse_modding\plugin_example\skse\release\gameobjects.obj
c:\users\croft\desktop\asd\skyrim_skse_modding\plugin_example\skse\release\gamemenus.obj
c:\users\croft\desktop\asd\skyrim_skse_modding\plugin_example\skse\release\gameinput.obj
c:\users\croft\desktop\asd\skyrim_skse_modding\plugin_example\skse\release\gamehandlers.obj
c:\users\croft\desktop\asd\skyrim_skse_modding\plugin_example\skse\release\gameforms.obj
c:\users\croft\desktop\asd\skyrim_skse_modding\plugin_example\skse\release\gameformcomponents.obj
c:\users\croft\desktop\asd\skyrim_skse_modding\plugin_example\skse\release\gameextradata.obj
c:\users\croft\desktop\asd\skyrim_skse_modding\plugin_example\skse\release\gameevents.obj
c:\users\croft\desktop\asd\skyrim_skse_modding\plugin_example\skse\release\gamedata.obj
c:\users\croft\desktop\asd\skyrim_skse_modding\plugin_example\skse\release\gamecamera.obj
c:\users\croft\desktop\asd\skyrim_skse_modding\plugin_example\skse\release\gameapi.obj
c:\users\croft\desktop\asd\skyrim_skse_modding\plugin_example\skse\release\colors.obj
c:\users\croft\desktop\asd\skyrim_skse_modding\plugin_example\skse\release\hooks_ui.obj
c:\users\croft\desktop\asd\skyrim_skse_modding\plugin_example\skse\release\hooks_threads.obj
c:\users\croft\desktop\asd\skyrim_skse_modding\plugin_example\skse\release\hooks_scaleform.obj
c:\users\croft\desktop\asd\skyrim_skse_modding\plugin_example\skse\release\hooks_saveload.obj
c:\users\croft\desktop\asd\skyrim_skse_modding\plugin_example\skse\release\hooks_papyrus.obj
c:\users\croft\desktop\asd\skyrim_skse_modding\plugin_example\skse\release\hooks_obscript.obj
c:\users\croft\desktop\asd\skyrim_skse_modding\plugin_example\skse\release\hooks_netimmerse.obj
c:\users\croft\desktop\asd\skyrim_skse_modding\plugin_example\skse\release\hooks_memory.obj
c:\users\croft\desktop\asd\skyrim_skse_modding\plugin_example\skse\release\hooks_handlers.obj
c:\users\croft\desktop\asd\skyrim_skse_modding\plugin_example\skse\release\hooks_gameplay.obj
c:\users\croft\desktop\asd\skyrim_skse_modding\plugin_example\skse\release\hooks_event.obj
c:\users\croft\desktop\asd\skyrim_skse_modding\plugin_example\skse\release\hooks_directinput8create.obj
c:\users\croft\desktop\asd\skyrim_skse_modding\plugin_example\skse\release\hooks_debug.obj
c:\users\croft\desktop\asd\skyrim_skse_modding\plugin_example\skse\release\hooks_camera.obj
c:\users\croft\desktop\asd\skyrim_skse_modding\plugin_example\skse\release\scaleformvm.obj
c:\users\croft\desktop\asd\skyrim_skse_modding\plugin_example\skse\release\scaleformtypes.obj
c:\users\croft\desktop\asd\skyrim_skse_modding\plugin_example\skse\release\scaleformstate.obj
c:\users\croft\desktop\asd\skyrim_skse_modding\plugin_example\skse\release\scaleformmovie.obj
c:\users\croft\desktop\asd\skyrim_skse_modding\plugin_example\skse\release\scaleformloader.obj
c:\users\croft\desktop\asd\skyrim_skse_modding\plugin_example\skse\release\nirenderer.obj
c:\users\croft\desktop\asd\skyrim_skse_modding\plugin_example\skse\release\niproperties.obj
c:\users\croft\desktop\asd\skyrim_skse_modding\plugin_example\skse\release\niobjects.obj
c:\users\croft\desktop\asd\skyrim_skse_modding\plugin_example\skse\release\ninodes.obj
c:\users\croft\desktop\asd\skyrim_skse_modding\plugin_example\skse\release\nimaterial.obj
c:\users\croft\desktop\asd\skyrim_skse_modding\plugin_example\skse\release\nilight.obj
c:\users\croft\desktop\asd\skyrim_skse_modding\plugin_example\skse\release\niinterpolators.obj
c:\users\croft\desktop\asd\skyrim_skse_modding\plugin_example\skse\release\nigeometry.obj
c:\users\croft\desktop\asd\skyrim_skse_modding\plugin_example\skse\release\niextradata.obj
c:\users\croft\desktop\asd\skyrim_skse_modding\plugin_example\skse\release\nicontrollers.obj
c:\users\croft\desktop\asd\skyrim_skse_modding\plugin_example\skse\release\utilities.obj
c:\users\croft\desktop\asd\skyrim_skse_modding\plugin_example\skse\release\translation.obj
c:\users\croft\desktop\asd\skyrim_skse_modding\plugin_example\skse\release\serialization.obj
c:\users\croft\desktop\asd\skyrim_skse_modding\plugin_example\skse\release\safewrite.obj
c:\users\croft\desktop\asd\skyrim_skse_modding\plugin_example\skse\release\pluginmanager.obj
c:\users\croft\desktop\asd\skyrim_skse_modding\plugin_example\skse\release\internalserialization.obj
c:\users\croft\desktop\asd\skyrim_skse_modding\plugin_example\skse\release\inputmap.obj
c:\users\croft\desktop\asd\skyrim_skse_modding\plugin_example\skse\release\hashutil.obj
c:\users\croft\desktop\asd\skyrim_skse_modding\plugin_example\skse\release\globallocks.obj
c:\users\croft\desktop\asd\skyrim_skse_modding\plugin_example\skse\release\custommenu.obj
c:\users\croft\desktop\asd\skyrim_skse_modding\plugin_example\skse\release\skse.obj
c:\users\croft\desktop\asd\skyrim_skse_modding\plugin_example\skse\release\nitypes.obj
c:\users\croft\desktop\asd\skyrim_skse_modding\plugin_example\skse\release\nitextures.obj
c:\users\croft\desktop\asd\skyrim_skse_modding\plugin_example\skse\release\niserialization.obj
c:\users\croft\desktop\asd\skyrim_skse_modding\plugin_example\skse\release\nirtti.obj
c:\users\croft\desktop\asd\skyrim_skse_modding\plugin_example\release\skse.lib
c:\users\croft\desktop\asd\skyrim_skse_modding\plugin_example\skse\release\skse_version.res
c:\users\croft\desktop\asd\skyrim_skse_modding\plugin_example\skse\release\skse.tlog\cl.command.1.tlog
c:\users\croft\desktop\asd\skyrim_skse_modding\plugin_example\skse\release\skse.tlog\cl.read.1.tlog
c:\users\croft\desktop\asd\skyrim_skse_modding\plugin_example\skse\release\skse.tlog\cl.write.1.tlog
c:\users\croft\desktop\asd\skyrim_skse_modding\plugin_example\skse\release\skse.tlog\lib-link-cvtres.read.1.tlog
c:\users\croft\desktop\asd\skyrim_skse_modding\plugin_example\skse\release\skse.tlog\lib-link-cvtres.write.1.tlog
c:\users\croft\desktop\asd\skyrim_skse_modding\plugin_example\skse\release\skse.tlog\lib.command.1.tlog
c:\users\croft\desktop\asd\skyrim_skse_modding\plugin_example\skse\release\skse.tlog\rc.command.1.tlog
c:\users\croft\desktop\asd\skyrim_skse_modding\plugin_example\skse\release\skse.tlog\rc.read.1.tlog
c:\users\croft\desktop\asd\skyrim_skse_modding\plugin_example\skse\release\skse.tlog\rc.write.1.tlog
